[sgd_main] device=mps optimizer=sgd lr=0.01 momentum=0.9 batch_size=1000 steps=15000 kfac_eps=0.1 kfac_update_freq=100 kfac_alpha=0.1
[sgd_main] step=     0  train_bce=565.5582  test_bce=308.8043  test_mse=75.1789  t=    0.3s
[sgd_main] step=   200  train_bce=207.3931  test_bce=206.0141  test_mse=52.9551  t=    1.4s
[sgd_main] step=   400  train_bce=205.7788  test_bce=205.9025  test_mse=52.9166  t=    2.6s
[sgd_main] step=   600  train_bce=207.6610  test_bce=205.8790  test_mse=52.9146  t=    3.7s
[sgd_main] step=   800  train_bce=207.2541  test_bce=205.8522  test_mse=52.9109  t=    4.7s
[sgd_main] step=  1000  train_bce=204.8124  test_bce=205.9882  test_mse=52.9701  t=    5.9s
[sgd_main] step=  1200  train_bce=205.8568  test_bce=205.8451  test_mse=52.9052  t=    7.2s
[sgd_main] step=  1400  train_bce=207.7169  test_bce=205.8926  test_mse=52.9190  t=    8.3s
[sgd_main] step=  1600  train_bce=207.1252  test_bce=205.8086  test_mse=52.8961  t=    9.6s
[sgd_main] step=  1800  train_bce=206.7119  test_bce=205.7836  test_mse=52.9003  t=   10.9s
[sgd_main] step=  2000  train_bce=191.4995  test_bce=189.1682  test_mse=47.5907  t=   12.5s
[sgd_main] step=  2200  train_bce=188.7820  test_bce=187.0333  test_mse=47.0453  t=   13.7s
[sgd_main] step=  2400  train_bce=186.0683  test_bce=185.1507  test_mse=46.4605  t=   15.1s
[sgd_main] step=  2600  train_bce=182.9281  test_bce=184.1138  test_mse=46.1151  t=   16.2s
[sgd_main] step=  2800  train_bce=184.8299  test_bce=183.4495  test_mse=45.8446  t=   17.3s
[sgd_main] step=  3000  train_bce=184.1101  test_bce=181.2563  test_mse=44.9946  t=   18.5s
[sgd_main] step=  3200  train_bce=177.9680  test_bce=179.3858  test_mse=44.3201  t=   19.8s
[sgd_main] step=  3400  train_bce=176.0936  test_bce=176.5548  test_mse=43.3279  t=   21.9s
[sgd_main] step=  3600  train_bce=168.7742  test_bce=168.4296  test_mse=40.7801  t=   23.3s
[sgd_main] step=  3800  train_bce=158.9413  test_bce=157.1344  test_mse=36.9702  t=   24.4s
[sgd_main] step=  4000  train_bce=152.9383  test_bce=151.5366  test_mse=34.9956  t=   25.4s
[sgd_main] step=  4200  train_bce=146.0899  test_bce=147.2736  test_mse=33.4859  t=   26.5s
[sgd_main] step=  4400  train_bce=144.7064  test_bce=144.3672  test_mse=32.4540  t=   27.7s
[sgd_main] step=  4600  train_bce=143.4985  test_bce=140.8654  test_mse=31.1425  t=   28.9s
[sgd_main] step=  4800  train_bce=140.7704  test_bce=138.5765  test_mse=30.3265  t=   30.1s
[sgd_main] step=  5000  train_bce=139.0784  test_bce=136.5465  test_mse=29.5453  t=   31.3s
[sgd_main] step=  5200  train_bce=135.6646  test_bce=134.8378  test_mse=28.9711  t=   32.4s
[sgd_main] step=  5400  train_bce=131.0671  test_bce=133.3780  test_mse=28.4427  t=   33.7s
[sgd_main] step=  5600  train_bce=131.4688  test_bce=132.2349  test_mse=28.0663  t=   34.8s
[sgd_main] step=  5800  train_bce=129.4582  test_bce=131.0923  test_mse=27.6333  t=   35.8s
[sgd_main] step=  6000  train_bce=131.4927  test_bce=130.2180  test_mse=27.3275  t=   37.0s
[sgd_main] step=  6200  train_bce=129.0487  test_bce=129.2032  test_mse=26.9565  t=   38.2s
[sgd_main] step=  6400  train_bce=128.7963  test_bce=128.5496  test_mse=26.7038  t=   39.4s
[sgd_main] step=  6600  train_bce=128.3333  test_bce=127.8237  test_mse=26.4387  t=   40.4s
[sgd_main] step=  6800  train_bce=129.4885  test_bce=126.8274  test_mse=26.1059  t=   41.8s
[sgd_main] step=  7000  train_bce=128.2847  test_bce=126.1499  test_mse=25.8716  t=   43.6s
[sgd_main] step=  7200  train_bce=122.0372  test_bce=124.5897  test_mse=25.2476  t=   44.6s
[sgd_main] step=  7400  train_bce=120.6346  test_bce=121.8840  test_mse=24.1670  t=   45.6s
[sgd_main] step=  7600  train_bce=118.4932  test_bce=119.6722  test_mse=23.3840  t=   46.8s
[sgd_main] step=  7800  train_bce=117.6172  test_bce=118.4687  test_mse=22.9719  t=   48.0s
[sgd_main] step=  8000  train_bce=118.5327  test_bce=117.7861  test_mse=22.7607  t=   49.3s
[sgd_main] step=  8200  train_bce=116.9395  test_bce=117.2134  test_mse=22.5706  t=   50.7s
[sgd_main] step=  8400  train_bce=117.4250  test_bce=116.6010  test_mse=22.3623  t=   51.8s
[sgd_main] step=  8600  train_bce=114.1252  test_bce=116.6082  test_mse=22.3793  t=   53.0s
[sgd_main] step=  8800  train_bce=114.3011  test_bce=115.6895  test_mse=22.0655  t=   54.0s
[sgd_main] step=  9000  train_bce=115.4354  test_bce=115.3715  test_mse=21.9734  t=   55.1s
[sgd_main] step=  9200  train_bce=113.3122  test_bce=114.3294  test_mse=21.6095  t=   56.2s
[sgd_main] step=  9400  train_bce=113.5970  test_bce=113.2635  test_mse=21.2608  t=   57.6s
[sgd_main] step=  9600  train_bce=112.2789  test_bce=112.1726  test_mse=20.8819  t=   59.3s
[sgd_main] step=  9800  train_bce=111.7604  test_bce=111.2124  test_mse=20.5582  t=   61.3s
[sgd_main] step= 10000  train_bce=111.4911  test_bce=110.3616  test_mse=20.2609  t=   63.2s
[sgd_main] step= 10200  train_bce=108.8543  test_bce=109.6055  test_mse=20.0032  t=   64.8s
[sgd_main] step= 10400  train_bce=110.8366  test_bce=108.9186  test_mse=19.7772  t=   66.5s
[sgd_main] step= 10600  train_bce=108.0285  test_bce=108.4693  test_mse=19.6127  t=   68.2s
[sgd_main] step= 10800  train_bce=107.4741  test_bce=108.0583  test_mse=19.4771  t=   69.9s
[sgd_main] step= 11000  train_bce=107.4441  test_bce=107.3866  test_mse=19.2464  t=   72.3s
[sgd_main] step= 11200  train_bce=108.7602  test_bce=106.9314  test_mse=19.0956  t=   73.4s
[sgd_main] step= 11400  train_bce=106.2822  test_bce=106.4295  test_mse=18.9182  t=   74.6s
[sgd_main] step= 11600  train_bce=105.9915  test_bce=105.9409  test_mse=18.7413  t=   76.1s
[sgd_main] step= 11800  train_bce=105.2975  test_bce=105.6545  test_mse=18.6501  t=   77.4s
[sgd_main] step= 12000  train_bce=101.2488  test_bce=105.1566  test_mse=18.4872  t=   78.5s
[sgd_main] step= 12200  train_bce=104.4773  test_bce=105.0601  test_mse=18.4727  t=   79.6s
[sgd_main] step= 12400  train_bce=105.6424  test_bce=104.7583  test_mse=18.3653  t=   80.8s
[sgd_main] step= 12600  train_bce=104.0424  test_bce=104.2707  test_mse=18.2034  t=   82.0s
[sgd_main] step= 12800  train_bce=104.3716  test_bce=104.0490  test_mse=18.1229  t=   83.6s
[sgd_main] step= 13000  train_bce=104.2363  test_bce=103.6569  test_mse=18.0002  t=   84.8s
[sgd_main] step= 13200  train_bce=100.0241  test_bce=103.1363  test_mse=17.8107  t=   85.9s
[sgd_main] step= 13400  train_bce=102.2949  test_bce=102.9175  test_mse=17.7502  t=   87.3s
[sgd_main] step= 13600  train_bce=104.7230  test_bce=102.5803  test_mse=17.6343  t=   89.2s
[sgd_main] step= 13800  train_bce=98.3353  test_bce=102.6901  test_mse=17.6842  t=   90.4s
[sgd_main] step= 14000  train_bce=101.6238  test_bce=101.9847  test_mse=17.4386  t=   91.7s
[sgd_main] step= 14200  train_bce=101.4743  test_bce=102.1745  test_mse=17.5082  t=   93.3s
[sgd_main] step= 14400  train_bce=100.2347  test_bce=101.7101  test_mse=17.3498  t=   94.9s
[sgd_main] step= 14600  train_bce=100.9374  test_bce=101.0284  test_mse=17.1241  t=   96.0s
[sgd_main] step= 14800  train_bce=100.2933  test_bce=100.7421  test_mse=17.0535  t=   97.2s
[sgd_main] step= 14999  train_bce=100.6049  test_bce=99.8193  test_mse=16.7233  t=   98.6s
[sgd_main] FINAL test_bce=99.8193 test_mse=16.7233
