device: cpu
/Users/arahimi/hessian/.venv/lib/python3.14/site-packages/torchvision/datasets/cifar.py:83: VisibleDeprecationWarning: dtype(): align should be passed as Python or NumPy boolean but got `align=0`. Did you mean to pass a tuple to create a subarray type? (Deprecated NumPy 2.4)
  entry = pickle.load(f, encoding="latin1")
tensorboard logdir: runs/auto/exp-003-epsilon-sweep-down
/Users/arahimi/hessian/src/hessian.py:245: UserWarning: Full backward hook is firing when gradients are computed with respect to module outputs since no inputs require gradients. See https://docs.pytorch.org/docs/main/generated/torch.nn.Module.html#torch.nn.Module.register_full_backward_hook for more details.
  self(z_in, target).backward()
[newton] step=   0 loss=2.6426 probe=2.7178 acc=0.125 |g|=5.792e+00 |Δ|=1.007e+00 ε=1.00e+01 ok t=5.65s (step 5652ms)
[newton] step=   1 loss=2.8321 probe=2.8510 acc=0.125 |g|=3.153e+00 |Δ|=2.327e-01 ε=1.00e+01 ok t=9.85s (step 4195ms)
[newton] step=   2 loss=2.6548 probe=2.6880 acc=0.047 |g|=3.675e+00 |Δ|=5.358e-01 ε=1.00e+01 ok t=13.89s (step 4035ms)
[newton] step=   3 loss=2.3461 probe=2.5301 acc=0.141 |g|=2.016e+00 |Δ|=1.196e-01 ε=1.00e+01 ok t=18.04s (step 4145ms)
[newton] step=   4 loss=2.4553 probe=2.4899 acc=0.156 |g|=1.770e+00 |Δ|=1.370e-01 ε=1.00e+01 ok t=22.42s (step 4380ms)
[newton] step=   5 loss=2.5519 probe=2.5045 acc=0.094 |g|=3.040e+00 |Δ|=3.934e-01 ε=1.00e+01 ok t=27.03s (step 4601ms)
[newton] step=   6 loss=2.6306 probe=2.8683 acc=0.141 |g|=7.478e+00 |Δ|=3.739e-01 ε=1.00e+01 REJ t=31.83s (step 4800ms)
[newton] step=   7 loss=2.6976 probe=2.7360 acc=0.125 |g|=3.225e+00 |Δ|=5.128e-01 ε=1.00e+01 ok t=36.45s (step 4616ms)
[newton] step=   8 loss=2.3757 probe=2.3271 acc=0.094 |g|=7.980e-01 |Δ|=9.236e-02 ε=1.00e+01 ok t=41.13s (step 4669ms)
[newton] step=   9 loss=2.3431 probe=2.2985 acc=0.078 |g|=6.119e-01 |Δ|=1.127e-01 ε=1.00e+01 ok t=45.82s (step 4685ms)
[newton] step=  10 loss=2.3075 probe=2.3860 acc=0.172 |g|=1.417e+00 |Δ|=9.949e-02 ε=1.00e+01 ok t=50.59s (step 4775ms)
[newton] step=  11 loss=2.3527 probe=2.2959 acc=0.094 |g|=9.556e-01 |Δ|=6.410e-02 ε=1.00e+01 ok t=55.50s (step 4908ms)
[newton] step=  12 loss=2.2696 probe=2.2846 acc=0.125 |g|=9.432e-01 |Δ|=9.521e-02 ε=1.00e+01 ok t=60.50s (step 4989ms)
[newton] step=  13 loss=2.4484 probe=2.3468 acc=0.094 |g|=2.538e+00 |Δ|=1.269e-01 ε=1.00e+01 REJ t=65.40s (step 4900ms)
[newton] step=  14 loss=2.4199 probe=2.3525 acc=0.078 |g|=1.940e+00 |Δ|=2.990e-01 ε=1.00e+01 ok t=70.31s (step 4903ms)
