device: cpu
/Users/arahimi/hessian/.venv/lib/python3.14/site-packages/torchvision/datasets/cifar.py:83: VisibleDeprecationWarning: dtype(): align should be passed as Python or NumPy boolean but got `align=0`. Did you mean to pass a tuple to create a subarray type? (Deprecated NumPy 2.4)
  entry = pickle.load(f, encoding="latin1")
tensorboard logdir: runs/auto/exp-002-batch-reuse-K3
/Users/arahimi/hessian/src/hessian.py:245: UserWarning: Full backward hook is firing when gradients are computed with respect to module outputs since no inputs require gradients. See https://docs.pytorch.org/docs/main/generated/torch.nn.Module.html#torch.nn.Module.register_full_backward_hook for more details.
  self(z_in, target).backward()
[newton] step=   0 loss=2.6426 probe=2.7178 acc=0.125 |g|=5.792e+00 |Δ|=5.004e+00 ε=1.00e+00 ok t=5.60s (step 5593ms)
[newton] step=   1 loss=2.4953 probe=2.5898 acc=0.125 |g|=2.662e+00 |Δ|=1.331e-01 ε=9.00e-01 REJ t=9.91s (step 4314ms)
[newton] step=   2 loss=2.4394 probe=2.4894 acc=0.109 |g|=2.369e+00 |Δ|=1.185e-01 ε=9.90e-01 REJ t=14.38s (step 4466ms)
[newton] step=   3 loss=2.6679 probe=2.4000 acc=0.078 |g|=2.810e+00 |Δ|=3.366e+00 ε=1.09e+00 ok t=18.81s (step 4428ms)
[newton] step=   4 loss=2.4712 probe=2.8261 acc=0.156 |g|=2.810e+00 |Δ|=9.302e-01 ε=9.80e-01 ok t=24.03s (step 5223ms)
[newton] step=   5 loss=2.2628 probe=2.7990 acc=0.219 |g|=2.647e+00 |Δ|=1.324e-01 ε=8.82e-01 REJ t=28.98s (step 4947ms)
[newton] step=   6 loss=2.6572 probe=2.6774 acc=0.125 |g|=2.537e+00 |Δ|=1.759e+00 ε=9.70e-01 ok t=34.52s (step 5542ms)
[newton] step=   7 loss=2.5322 probe=2.6112 acc=0.141 |g|=4.226e+00 |Δ|=1.450e+00 ε=8.73e-01 ok t=39.57s (step 5043ms)
[newton] step=   8 loss=2.3533 probe=2.4682 acc=0.141 |g|=1.451e+00 |Δ|=1.128e+00 ε=7.86e-01 ok t=44.37s (step 4800ms)
[newton] step=   9 loss=2.4241 probe=2.3533 acc=0.172 |g|=1.778e+00 |Δ|=6.784e-01 ε=7.07e-01 ok t=49.06s (step 4692ms)
[newton] step=  10 loss=2.2717 probe=2.3833 acc=0.156 |g|=1.575e+00 |Δ|=5.050e-01 ε=6.37e-01 ok t=53.65s (step 4581ms)
[newton] step=  11 loss=2.1975 probe=2.3709 acc=0.219 |g|=1.530e+00 |Δ|=1.330e+00 ε=5.73e-01 ok t=58.21s (step 4564ms)
[newton] step=  12 loss=2.3946 probe=2.4989 acc=0.141 |g|=2.795e+00 |Δ|=3.141e+00 ε=5.16e-01 ok t=62.62s (step 4403ms)
[newton] step=  13 loss=2.3370 probe=2.5931 acc=0.156 |g|=2.235e+00 |Δ|=1.215e+00 ε=4.64e-01 ok t=67.14s (step 4524ms)
[newton] step=  14 loss=2.1791 probe=2.4906 acc=0.219 |g|=1.835e+00 |Δ|=1.863e+00 ε=4.18e-01 ok t=71.64s (step 4499ms)
